2022-02-15T14:07:53.657046-00:00 0 [Warning] [MY-010918] [Server] 'default_authentication_plugin' is deprecated and will be removed in a future release. Please use authentication_policy instead.
2022-02-15T14:07:53.657127-00:00 0 [System] [MY-013169] [Server] /usr/sbin/mysqld (mysqld 8.0.28) initializing of server in progress as process 42
2022-02-15T14:07:53.822152-00:00 1 [System] [MY-013576] [InnoDB] InnoDB initialization has started.
2022-02-15T14:07:56.131825-00:00 1 [System] [MY-013577] [InnoDB] InnoDB initialization has ended.
2022-02-15T14:07:58.340860-00:00 6 [Warning] [MY-010453] [Server] root@localhost is created with an empty password ! Please consider switching off the --initialize-insecure option.
2022-02-15T14:08:23.364312-00:00 0 [Warning] [MY-010918] [Server] 'default_authentication_plugin' is deprecated and will be removed in a future release. Please use authentication_policy instead.
2022-02-15T14:08:23.364383-00:00 0 [System] [MY-010116] [Server] /usr/sbin/mysqld (mysqld 8.0.28) starting as process 89
2022-02-15T14:08:23.434114-00:00 1 [System] [MY-013576] [InnoDB] InnoDB initialization has started.
2022-02-15T14:08:25.063812-00:00 1 [System] [MY-013577] [InnoDB] InnoDB initialization has ended.
2022-02-15T14:08:25.460800-00:00 0 [Warning] [MY-010068] [Server] CA certificate ca.pem is self signed.
2022-02-15T14:08:25.462135-00:00 0 [System] [MY-013602] [Server] Channel mysql_main configured to support TLS. Encrypted connections are now supported for this channel.
2022-02-15T14:08:25.466381-00:00 0 [Warning] [MY-011810] [Server] Insecure configuration for --pid-file: Location '/var/run/mysqld' in the path is accessible to all OS users. Consider choosing a different directory.
2022-02-15T14:08:25.516097-00:00 0 [System] [MY-011323] [Server] X Plugin ready for connections. Socket: /var/run/mysqld/mysqlx.sock
2022-02-15T14:08:25.516158-00:00 0 [System] [MY-010931] [Server] /usr/sbin/mysqld: ready for connections. Version: '8.0.28'  socket: '/var/run/mysqld/mysqld.sock'  port: 0  MySQL Community Server - GPL.
2022-02-15T14:08:53.710898-00:00 13 [System] [MY-013172] [Server] Received SHUTDOWN from user root. Shutting down mysqld (Version: 8.0.28).
2022-02-15T14:08:55.124680-00:00 0 [System] [MY-010910] [Server] /usr/sbin/mysqld: Shutdown complete (mysqld 8.0.28)  MySQL Community Server - GPL.
2022-02-15T14:08:56.149285-00:00 0 [Warning] [MY-010918] [Server] 'default_authentication_plugin' is deprecated and will be removed in a future release. Please use authentication_policy instead.
2022-02-15T14:08:56.149358-00:00 0 [System] [MY-010116] [Server] /usr/sbin/mysqld (mysqld 8.0.28) starting as process 1
2022-02-15T14:08:56.176979-00:00 1 [System] [MY-013576] [InnoDB] InnoDB initialization has started.
2022-02-15T14:08:56.460426-00:00 1 [System] [MY-013577] [InnoDB] InnoDB initialization has ended.
2022-02-15T14:08:56.749622-00:00 0 [Warning] [MY-010068] [Server] CA certificate ca.pem is self signed.
2022-02-15T14:08:56.750938-00:00 0 [System] [MY-013602] [Server] Channel mysql_main configured to support TLS. Encrypted connections are now supported for this channel.
2022-02-15T14:08:56.754784-00:00 0 [Warning] [MY-011810] [Server] Insecure configuration for --pid-file: Location '/var/run/mysqld' in the path is accessible to all OS users. Consider choosing a different directory.
2022-02-15T14:08:56.797900-00:00 0 [System] [MY-011323] [Server] X Plugin ready for connections. Bind-address: '::' port: 33060, socket: /var/run/mysqld/mysqlx.sock
2022-02-15T14:08:56.799124-00:00 0 [System] [MY-010931] [Server] /usr/sbin/mysqld: ready for connections. Version: '8.0.28'  socket: '/var/run/mysqld/mysqld.sock'  port: 3306  MySQL Community Server - GPL.
2022-02-15T14:12:28.769651-00:00 0 [System] [MY-013172] [Server] Received SHUTDOWN from user <via user signal>. Shutting down mysqld (Version: 8.0.28).
2022-02-15T14:12:30.064046-00:00 0 [System] [MY-010910] [Server] /usr/sbin/mysqld: Shutdown complete (mysqld 8.0.28)  MySQL Community Server - GPL.
2022-02-15T14:12:36.824286-00:00 0 [Warning] [MY-010918] [Server] 'default_authentication_plugin' is deprecated and will be removed in a future release. Please use authentication_policy instead.
2022-02-15T14:12:36.824375-00:00 0 [System] [MY-010116] [Server] /usr/sbin/mysqld (mysqld 8.0.28) starting as process 1
2022-02-15T14:12:36.880104-00:00 1 [System] [MY-013576] [InnoDB] InnoDB initialization has started.
2022-02-15T14:12:37.342603-00:00 1 [System] [MY-013577] [InnoDB] InnoDB initialization has ended.
2022-02-15T14:12:37.830632-00:00 0 [Warning] [MY-010068] [Server] CA certificate ca.pem is self signed.
2022-02-15T14:12:37.831931-00:00 0 [System] [MY-013602] [Server] Channel mysql_main configured to support TLS. Encrypted connections are now supported for this channel.
2022-02-15T14:12:37.836542-00:00 0 [Warning] [MY-011810] [Server] Insecure configuration for --pid-file: Location '/var/run/mysqld' in the path is accessible to all OS users. Consider choosing a different directory.
2022-02-15T14:12:37.871329-00:00 0 [System] [MY-011323] [Server] X Plugin ready for connections. Bind-address: '::' port: 33060, socket: /var/run/mysqld/mysqlx.sock
2022-02-15T14:12:37.872262-00:00 0 [System] [MY-010931] [Server] /usr/sbin/mysqld: ready for connections. Version: '8.0.28'  socket: '/var/run/mysqld/mysqld.sock'  port: 3306  MySQL Community Server - GPL.
